________________________________________________________________________________________________________________________________
bafybeib3fdsyxtskn7a5n6xrpjpyfzqkbf3gisfl2yqjd2badaldvebfca
________________________________________________________________________________________________________________________________
                                                                                                                         MeKubo
    bafybeib42g5vjjk5jkib3l2gtl5csskynuthq2rpon2fl7vsf64monmav4
________________________________________________________________________________________________________________________________
                                                                                                                     MeKuboWeb3
        bafybeielcbrknftcpudm7vjahqur34fi737ku2g2cxqepqodhamsdwzuna
________________________________________________________________________________________________________________________________
                                                                                                                 MeKuboWeb3.exe
            bafybeihjzjd3ew7bpzp6sexpz6v4yvfi7tbtqr6rxzc42nghwvr3bs6asa
________________________________________________________________________________________________________________________________
                                                                                                                  MeKuboWeb3.py
            bafybeiesmokl5dwrwguxkdf4bbmu6vkxrcsompue2fuabx63kvea5wmeca
________________________________________________________________________________________________________________________________
                                                                                                                            zoo
            bafybeic7sf2axgrejev7sg5wiajnmioahtsayslkyfcmq2xtpjiag56zd4
________________________________________________________________________________________________________________________________
                                                                                                                           kubo
                bafybeig7sbkuszwexk4yduwnyjqtfhecnlevmryzhre7noxx2dfoz4kvaa
________________________________________________________________________________________________________________________________
                                                                                                                        .unixfs
                    bafybeiczsscdsbs7ffqz55asqdf3smv6klcw3gofszvwlyarci47bgf354
________________________________________________________________________________________________________________________________
                                                                                                                        kubo.7z
                    bafybeiblgeox6ewuflzac4fcvz2emd7zq7jlrhm44y44ndn5ds7ret6cj4
________________________________________________________________________________________________________________________________
                                                                                                                          modem
                    bafybeigqp7ip3fmioccxmyvdru3xfomshqjqla2aisxv7mvp7amw4weayy
________________________________________________________________________________________________________________________________
                                                                                                                 soundmodem.exe
                        bafybeiafjopdexkpk2e4vbk7btbt2q3eau26w45qljmih5tski672souse
________________________________________________________________________________________________________________________________
                                                                                                                 soundmodem.ini
                        bafybeihdnl3xv5royzak5fe6cj4pg62sy5ow6ho35mbjbj4dhvj54rdnx4
________________________________________________________________________________________________________________________________
                                                                                                                   zMeModem.ini
                        bafybeihdnl3xv5royzak5fe6cj4pg62sy5ow6ho35mbjbj4dhvj54rdnx4
________________________________________________________________________________________________________________________________
                                                                                                                        par.exe
                    bafybeih5phuza4batugp527yml2jyja4gzm7774y6hi6hwyibzakgrpgdy
________________________________________________________________________________________________________________________________
                                                                                                                           pgpg
                    bafybeibgtub5dxbif6lzveunfjz7lbzgr6vdngra5lfghg2lymmljdzjki
________________________________________________________________________________________________________________________________
                                                                                                                        gpg.exe
                        bafybeics425fl7ffeg2d6pu2dmvwuj2fvw7dlawqawj4dazecxaxc3hlwi
________________________________________________________________________________________________________________________________
                                                                                                                     gpgtar.exe
                        bafybeieu643p2qvinbzdrextykdbrz5o2wvvnt3f3nyku3bvt7v7q6rooq
________________________________________________________________________________________________________________________________
                                                                                                                libassuan-0.dll
                        bafybeihmzkttnzy2qgwsqrpypp6ndnk5hrbttnkxesbmhexv4l7satuori
________________________________________________________________________________________________________________________________
                                                                                                               libgcrypt-20.dll
                        bafybeibk7m6okul4a3l5x6ul7xfk7f7aeiyx5kc4qoo5vj4eoewepalwdy
________________________________________________________________________________________________________________________________
                                                                                                             libgpg-error-0.dll
                        bafybeia6phg4dbyvbpokelxsg5afaz4x6eqk6qhssm5dmhd6rqmatlqm6a
________________________________________________________________________________________________________________________________
                                                                                                                  libnpth-0.dll
                        bafybeifl526zl4pjexmunwpebpe2xkmekqqfapwdvy7wtltllvrtwjifeq
________________________________________________________________________________________________________________________________
                                                                                                               libsqlite3-0.dll
                        bafybeih6xyfwfj2t4xsycz6vvqsplg77tl7ukekrxcgleqh2wqmq6a26oi
________________________________________________________________________________________________________________________________
                                                                                                                      zlib1.dll
                        bafybeihalz7et3ss5ii42pea4fyxr7phjd3iswlpci7uc2qvk3vx5jvgz4
________________________________________________________________________________________________________________________________
                                                                                                                         things
                bafybeibd6efaxtnszfaxubmweossatd25qefhdkfbii4qyazombjgmnwxe
________________________________________________________________________________________________________________________________
                                                                                                                           gets
                    bafybeiczsscdsbs7ffqz55asqdf3smv6klcw3gofszvwlyarci47bgf354
________________________________________________________________________________________________________________________________
                                                                                                                          mores
                    bafybeidf4hr3gkhoxsdma23rvlrej3u4prznmovhom5jccgmengtoqjaby
________________________________________________________________________________________________________________________________
                                                                                                                           LOGS
                        bafybeiczsscdsbs7ffqz55asqdf3smv6klcw3gofszvwlyarci47bgf354
________________________________________________________________________________________________________________________________
                                                                                                                            car
                        bafybeiczsscdsbs7ffqz55asqdf3smv6klcw3gofszvwlyarci47bgf354
________________________________________________________________________________________________________________________________
                                                                                                                          crypt
                        bafybeibq4vs4bamtpxxgxrskdjkllhy5huv4wh7tbsjxap3fnn6yzbw4cy
________________________________________________________________________________________________________________________________
                                                                                                                    SECRETfiles
                            bafybeiczsscdsbs7ffqz55asqdf3smv6klcw3gofszvwlyarci47bgf354
________________________________________________________________________________________________________________________________
                                                                                                                  SECRETphrases
                            bafybeiczsscdsbs7ffqz55asqdf3smv6klcw3gofszvwlyarci47bgf354
________________________________________________________________________________________________________________________________
                                                                                                                           sigk
                        bafybeiczsscdsbs7ffqz55asqdf3smv6klcw3gofszvwlyarci47bgf354
________________________________________________________________________________________________________________________________
                                                                                                                        secrets
                    bafybeiczsscdsbs7ffqz55asqdf3smv6klcw3gofszvwlyarci47bgf354
________________________________________________________________________________________________________________________________
                                                                                                                         shares
                    bafybeiczsscdsbs7ffqz55asqdf3smv6klcw3gofszvwlyarci47bgf354
________________________________________________________________________________________________________________________________
                                                                                                                 MeKuboWeb3.ico
        bafybeicxrv465kt22y4aamlkg7qdizuf56c5hs4uukv3sma3y5wea7dg2q
________________________________________________________________________________________________________________________________
